DEBUG:file:Debug FILE
DEBUG:console:Debug CONSOLE
DEBUG:faker.factory:Not in REPL -> leaving logger event level as is.
DEBUG:file:Debug FILE
DEBUG:console:Debug CONSOLE

DEBUG:file:Debug FILE
DEBUG:console:Debug CONSOLE
DEBUG:faker.factory:Not in REPL -> leaving logger event level as is.
DEBUG:file:Debug FILE
DEBUG:console:Debug CONSOLE
DEBUG:file:Debug FILE
DEBUG:console:Debug CONSOLE
DEBUG:faker.factory:Not in REPL -> leaving logger event level as is.
DEBUG:file:Debug FILE
DEBUG:console:Debug CONSOLE
DEBUG:faker.factory:Looking for locale `en_US` in provider `faker.providers.address`.
DEBUG:faker.factory:Provider `faker.providers.address` has been localized to `en_US`.
DEBUG:faker.factory:Looking for locale `en_US` in provider `faker.providers.automotive`.
DEBUG:faker.factory:Provider `faker.providers.automotive` has been localized to `en_US`.
DEBUG:faker.factory:Looking for locale `en_US` in provider `faker.providers.bank`.
DEBUG:faker.factory:Specified locale `en_US` is not available for provider `faker.providers.bank`. Locale reset to `en_GB` for this provider.
DEBUG:faker.factory:Looking for locale `en_US` in provider `faker.providers.barcode`.
DEBUG:faker.factory:Provider `faker.providers.barcode` has been localized to `en_US`.
DEBUG:faker.factory:Looking for locale `en_US` in provider `faker.providers.color`.
DEBUG:faker.factory:Provider `faker.providers.color` has been localized to `en_US`.
DEBUG:faker.factory:Looking for locale `en_US` in provider `faker.providers.company`.
DEBUG:faker.factory:Provider `faker.providers.company` has been localized to `en_US`.
DEBUG:faker.factory:Looking for locale `en_US` in provider `faker.providers.credit_card`.
DEBUG:faker.factory:Provider `faker.providers.credit_card` has been localized to `en_US`.
DEBUG:faker.factory:Looking for locale `en_US` in provider `faker.providers.currency`.
DEBUG:faker.factory:Provider `faker.providers.currency` has been localized to `en_US`.
DEBUG:faker.factory:Looking for locale `en_US` in provider `faker.providers.date_time`.
DEBUG:faker.factory:Provider `faker.providers.date_time` has been localized to `en_US`.
DEBUG:faker.factory:Provider `faker.providers.file` does not feature localization. Specified locale `en_US` is not utilized for this provider.
DEBUG:faker.factory:Looking for locale `en_US` in provider `faker.providers.geo`.
DEBUG:faker.factory:Provider `faker.providers.geo` has been localized to `en_US`.
DEBUG:faker.factory:Looking for locale `en_US` in provider `faker.providers.internet`.
DEBUG:faker.factory:Provider `faker.providers.internet` has been localized to `en_US`.
DEBUG:faker.factory:Provider `faker.providers.isbn` does not feature localization. Specified locale `en_US` is not utilized for this provider.
DEBUG:faker.factory:Looking for locale `en_US` in provider `faker.providers.job`.
DEBUG:faker.factory:Provider `faker.providers.job` has been localized to `en_US`.
DEBUG:faker.factory:Looking for locale `en_US` in provider `faker.providers.lorem`.
DEBUG:faker.factory:Provider `faker.providers.lorem` has been localized to `en_US`.
DEBUG:faker.factory:Looking for locale `en_US` in provider `faker.providers.misc`.
DEBUG:faker.factory:Provider `faker.providers.misc` has been localized to `en_US`.
DEBUG:faker.factory:Looking for locale `en_US` in provider `faker.providers.person`.
DEBUG:faker.factory:Provider `faker.providers.person` has been localized to `en_US`.
DEBUG:faker.factory:Looking for locale `en_US` in provider `faker.providers.phone_number`.
DEBUG:faker.factory:Provider `faker.providers.phone_number` has been localized to `en_US`.
DEBUG:faker.factory:Provider `faker.providers.profile` does not feature localization. Specified locale `en_US` is not utilized for this provider.
DEBUG:faker.factory:Provider `faker.providers.python` does not feature localization. Specified locale `en_US` is not utilized for this provider.
DEBUG:faker.factory:Looking for locale `en_US` in provider `faker.providers.ssn`.
DEBUG:faker.factory:Provider `faker.providers.ssn` has been localized to `en_US`.
DEBUG:faker.factory:Provider `faker.providers.user_agent` does not feature localization. Specified locale `en_US` is not utilized for this provider.
DEBUG:file:Debug FILE
DEBUG:console:Debug CONSOLE
DEBUG:faker.factory:Not in REPL -> leaving logger event level as is.
DEBUG:file:Debug FILE
DEBUG:console:Debug CONSOLE
DEBUG:file:Debug FILE
DEBUG:console:Debug CONSOLE
DEBUG:faker.factory:Not in REPL -> leaving logger event level as is.
DEBUG:file:Debug FILE
DEBUG:console:Debug CONSOLE
DEBUG:file:Debug FILE
DEBUG:console:Debug CONSOLE
DEBUG:faker.factory:Not in REPL -> leaving logger event level as is.
DEBUG:file:Debug FILE
DEBUG:console:Debug CONSOLE
INFO:werkzeug: * Running on http://0.0.0.0:5000/ (Press CTRL+C to quit)
INFO:werkzeug:192.168.224.4 - - [19/Jul/2021 17:56:00] "GET / HTTP/1.0" 200 -
INFO:werkzeug:192.168.224.4 - - [19/Jul/2021 17:56:00] "GET /api/v1/swagger.json HTTP/1.0" 200 -
DEBUG:file:Debug FILE
DEBUG:console:Debug CONSOLE
DEBUG:file:Debug FILE
DEBUG:console:Debug CONSOLE
DEBUG:file:Debug FILE
DEBUG:console:Debug CONSOLE
DEBUG:file:Debug FILE
DEBUG:console:Debug CONSOLE
DEBUG:faker.factory:Not in REPL -> leaving logger event level as is.
DEBUG:file:Debug FILE
DEBUG:console:Debug CONSOLE
DEBUG:faker.factory:Not in REPL -> leaving logger event level as is.
DEBUG:faker.factory:Looking for locale `en_US` in provider `faker.providers.address`.
DEBUG:faker.factory:Provider `faker.providers.address` has been localized to `en_US`.
DEBUG:faker.factory:Looking for locale `en_US` in provider `faker.providers.automotive`.
DEBUG:faker.factory:Provider `faker.providers.automotive` has been localized to `en_US`.
DEBUG:faker.factory:Looking for locale `en_US` in provider `faker.providers.bank`.
DEBUG:faker.factory:Specified locale `en_US` is not available for provider `faker.providers.bank`. Locale reset to `en_GB` for this provider.
DEBUG:faker.factory:Looking for locale `en_US` in provider `faker.providers.barcode`.
DEBUG:faker.factory:Provider `faker.providers.barcode` has been localized to `en_US`.
DEBUG:faker.factory:Looking for locale `en_US` in provider `faker.providers.color`.
DEBUG:faker.factory:Provider `faker.providers.color` has been localized to `en_US`.
DEBUG:faker.factory:Looking for locale `en_US` in provider `faker.providers.company`.
DEBUG:faker.factory:Provider `faker.providers.company` has been localized to `en_US`.
DEBUG:faker.factory:Looking for locale `en_US` in provider `faker.providers.credit_card`.
DEBUG:faker.factory:Provider `faker.providers.credit_card` has been localized to `en_US`.
DEBUG:faker.factory:Looking for locale `en_US` in provider `faker.providers.currency`.
DEBUG:faker.factory:Provider `faker.providers.currency` has been localized to `en_US`.
DEBUG:faker.factory:Looking for locale `en_US` in provider `faker.providers.date_time`.
DEBUG:faker.factory:Provider `faker.providers.date_time` has been localized to `en_US`.
DEBUG:faker.factory:Provider `faker.providers.file` does not feature localization. Specified locale `en_US` is not utilized for this provider.
DEBUG:faker.factory:Looking for locale `en_US` in provider `faker.providers.geo`.
DEBUG:faker.factory:Provider `faker.providers.geo` has been localized to `en_US`.
DEBUG:faker.factory:Looking for locale `en_US` in provider `faker.providers.internet`.
DEBUG:faker.factory:Provider `faker.providers.internet` has been localized to `en_US`.
DEBUG:faker.factory:Provider `faker.providers.isbn` does not feature localization. Specified locale `en_US` is not utilized for this provider.
DEBUG:faker.factory:Looking for locale `en_US` in provider `faker.providers.job`.
DEBUG:faker.factory:Provider `faker.providers.job` has been localized to `en_US`.
DEBUG:faker.factory:Looking for locale `en_US` in provider `faker.providers.lorem`.
DEBUG:faker.factory:Provider `faker.providers.lorem` has been localized to `en_US`.
DEBUG:faker.factory:Looking for locale `en_US` in provider `faker.providers.misc`.
DEBUG:faker.factory:Provider `faker.providers.misc` has been localized to `en_US`.
DEBUG:faker.factory:Looking for locale `en_US` in provider `faker.providers.person`.
DEBUG:faker.factory:Provider `faker.providers.person` has been localized to `en_US`.
DEBUG:faker.factory:Looking for locale `en_US` in provider `faker.providers.phone_number`.
DEBUG:faker.factory:Provider `faker.providers.phone_number` has been localized to `en_US`.
DEBUG:faker.factory:Provider `faker.providers.profile` does not feature localization. Specified locale `en_US` is not utilized for this provider.
DEBUG:faker.factory:Provider `faker.providers.python` does not feature localization. Specified locale `en_US` is not utilized for this provider.
DEBUG:faker.factory:Looking for locale `en_US` in provider `faker.providers.ssn`.
DEBUG:faker.factory:Provider `faker.providers.ssn` has been localized to `en_US`.
DEBUG:faker.factory:Provider `faker.providers.user_agent` does not feature localization. Specified locale `en_US` is not utilized for this provider.
DEBUG:file:Debug FILE
DEBUG:console:Debug CONSOLE
DEBUG:faker.factory:Not in REPL -> leaving logger event level as is.
DEBUG:file:Debug FILE
DEBUG:console:Debug CONSOLE
DEBUG:faker.factory:Not in REPL -> leaving logger event level as is.
DEBUG:file:Debug FILE
DEBUG:console:Debug CONSOLE
DEBUG:faker.factory:Not in REPL -> leaving logger event level as is.
INFO:werkzeug: * Running on http://0.0.0.0:5000/ (Press CTRL+C to quit)
INFO:werkzeug:192.168.224.4 - - [19/Jul/2021 18:06:38] "POST /api/v1/auth/signup HTTP/1.0" 200 -
DEBUG:file:Debug FILE
DEBUG:console:Debug CONSOLE
DEBUG:faker.factory:Not in REPL -> leaving logger event level as is.
DEBUG:file:Debug FILE
DEBUG:console:Debug CONSOLE
DEBUG:file:Debug FILE
DEBUG:console:Debug CONSOLE
DEBUG:faker.factory:Not in REPL -> leaving logger event level as is.
DEBUG:file:Debug FILE
DEBUG:console:Debug CONSOLE
DEBUG:faker.factory:Looking for locale `en_US` in provider `faker.providers.address`.
DEBUG:faker.factory:Provider `faker.providers.address` has been localized to `en_US`.
DEBUG:faker.factory:Looking for locale `en_US` in provider `faker.providers.automotive`.
DEBUG:faker.factory:Provider `faker.providers.automotive` has been localized to `en_US`.
DEBUG:faker.factory:Looking for locale `en_US` in provider `faker.providers.bank`.
DEBUG:faker.factory:Specified locale `en_US` is not available for provider `faker.providers.bank`. Locale reset to `en_GB` for this provider.
DEBUG:faker.factory:Looking for locale `en_US` in provider `faker.providers.barcode`.
DEBUG:faker.factory:Provider `faker.providers.barcode` has been localized to `en_US`.
DEBUG:faker.factory:Looking for locale `en_US` in provider `faker.providers.color`.
DEBUG:faker.factory:Provider `faker.providers.color` has been localized to `en_US`.
DEBUG:faker.factory:Looking for locale `en_US` in provider `faker.providers.company`.
DEBUG:faker.factory:Provider `faker.providers.company` has been localized to `en_US`.
DEBUG:faker.factory:Looking for locale `en_US` in provider `faker.providers.credit_card`.
DEBUG:faker.factory:Provider `faker.providers.credit_card` has been localized to `en_US`.
DEBUG:faker.factory:Looking for locale `en_US` in provider `faker.providers.currency`.
DEBUG:faker.factory:Provider `faker.providers.currency` has been localized to `en_US`.
DEBUG:faker.factory:Looking for locale `en_US` in provider `faker.providers.date_time`.
DEBUG:faker.factory:Provider `faker.providers.date_time` has been localized to `en_US`.
DEBUG:faker.factory:Provider `faker.providers.file` does not feature localization. Specified locale `en_US` is not utilized for this provider.
DEBUG:faker.factory:Looking for locale `en_US` in provider `faker.providers.geo`.
DEBUG:faker.factory:Provider `faker.providers.geo` has been localized to `en_US`.
DEBUG:faker.factory:Looking for locale `en_US` in provider `faker.providers.internet`.
DEBUG:faker.factory:Provider `faker.providers.internet` has been localized to `en_US`.
DEBUG:faker.factory:Provider `faker.providers.isbn` does not feature localization. Specified locale `en_US` is not utilized for this provider.
DEBUG:faker.factory:Looking for locale `en_US` in provider `faker.providers.job`.
DEBUG:faker.factory:Provider `faker.providers.job` has been localized to `en_US`.
DEBUG:faker.factory:Looking for locale `en_US` in provider `faker.providers.lorem`.
DEBUG:faker.factory:Provider `faker.providers.lorem` has been localized to `en_US`.
DEBUG:faker.factory:Looking for locale `en_US` in provider `faker.providers.misc`.
DEBUG:faker.factory:Provider `faker.providers.misc` has been localized to `en_US`.
DEBUG:faker.factory:Looking for locale `en_US` in provider `faker.providers.person`.
DEBUG:faker.factory:Provider `faker.providers.person` has been localized to `en_US`.
DEBUG:faker.factory:Looking for locale `en_US` in provider `faker.providers.phone_number`.
DEBUG:faker.factory:Provider `faker.providers.phone_number` has been localized to `en_US`.
DEBUG:faker.factory:Provider `faker.providers.profile` does not feature localization. Specified locale `en_US` is not utilized for this provider.
DEBUG:faker.factory:Provider `faker.providers.python` does not feature localization. Specified locale `en_US` is not utilized for this provider.
DEBUG:faker.factory:Looking for locale `en_US` in provider `faker.providers.ssn`.
DEBUG:faker.factory:Provider `faker.providers.ssn` has been localized to `en_US`.
DEBUG:faker.factory:Provider `faker.providers.user_agent` does not feature localization. Specified locale `en_US` is not utilized for this provider.
DEBUG:file:Debug FILE
DEBUG:console:Debug CONSOLE
DEBUG:faker.factory:Not in REPL -> leaving logger event level as is.
DEBUG:file:Debug FILE
DEBUG:console:Debug CONSOLE
DEBUG:file:Debug FILE
DEBUG:console:Debug CONSOLE
DEBUG:faker.factory:Not in REPL -> leaving logger event level as is.
DEBUG:file:Debug FILE
DEBUG:console:Debug CONSOLE
DEBUG:file:Debug FILE
DEBUG:console:Debug CONSOLE
DEBUG:faker.factory:Not in REPL -> leaving logger event level as is.
DEBUG:file:Debug FILE
DEBUG:console:Debug CONSOLE
INFO:werkzeug: * Running on http://0.0.0.0:5000/ (Press CTRL+C to quit)
INFO:werkzeug: * Restarting with stat
DEBUG:file:Debug FILE
DEBUG:console:Debug CONSOLE
DEBUG:faker.factory:Not in REPL -> leaving logger event level as is.
WARNING:werkzeug: * Debugger is active!
INFO:werkzeug: * Debugger PIN: 269-169-698
DEBUG:file:Debug FILE
DEBUG:console:Debug CONSOLE
